Using pre-set license
Built from '2020.3/staging' branch; Version is '2020.3.9f1 (108be757e447) revision 1084391'; Using compiler version '192528614'; Build Type 'Release'
OS: 'Windows 10 Pro; OS build 19042.985; Version 2009; 64bit' Language: 'en' Physical Memory: 16332 MB
BatchMode: 1, IsHumanControllingUs: 0, StartBugReporterOnCrash: 0, Is64bit: 1, IsPro: 0

 COMMAND LINE ARGUMENTS:
C:\Program Files\Unity\Hub\Editor\2020.3.9f1\Editor\Unity.exe
-adb2
-batchMode
-noUpm
-name
AssetImportWorker0
-projectPath
C:/Users/theli/Documents/GitHub/Horror-Multiplayer
-logFile
Logs/AssetImportWorker0.log
-srvPort
52361
Successfully changed project path to: C:/Users/theli/Documents/GitHub/Horror-Multiplayer
C:/Users/theli/Documents/GitHub/Horror-Multiplayer
Using Asset Import Pipeline V2.
Refreshing native plugins compatible for Editor in 48.41 ms, found 2 plugins.
Preloading 0 native plugins for Editor in 0.00 ms.
Initialize engine version: 2020.3.9f1 (108be757e447)
[Subsystems] Discovering subsystems at path C:/Program Files/Unity/Hub/Editor/2020.3.9f1/Editor/Data/Resources/UnitySubsystems
[Subsystems] Discovering subsystems at path C:/Users/theli/Documents/GitHub/Horror-Multiplayer/Assets
GfxDevice: creating device client; threaded=0
Direct3D:
    Version:  Direct3D 11.0 [level 11.1]
    Renderer: Radeon RX 570 Series (ID=0x67df)
    Vendor:   
    VRAM:     8171 MB
    Driver:   27.20.21002.112
Initialize mono
Mono path[0] = 'C:/Program Files/Unity/Hub/Editor/2020.3.9f1/Editor/Data/Managed'
Mono path[1] = 'C:/Program Files/Unity/Hub/Editor/2020.3.9f1/Editor/Data/MonoBleedingEdge/lib/mono/unityjit'
Mono config path = 'C:/Program Files/Unity/Hub/Editor/2020.3.9f1/Editor/Data/MonoBleedingEdge/etc'
Using monoOptions --debugger-agent=transport=dt_socket,embedding=1,server=y,suspend=n,address=127.0.0.1:56984
Begin MonoManager ReloadAssembly
Registering precompiled unity dll's ...
Register platform support module: C:/Program Files/Unity/Hub/Editor/2020.3.9f1/Editor/Data/PlaybackEngines/WindowsStandaloneSupport/UnityEditor.WindowsStandalone.Extensions.dll
Registered in 0.004110 seconds.
Native extension for WindowsStandalone target not found
Refreshing native plugins compatible for Editor in 42.63 ms, found 2 plugins.
Preloading 0 native plugins for Editor in 0.00 ms.
Mono: successfully reloaded assembly
- Completed reload, in  1.581 seconds
Platform modules already initialized, skipping
Registering precompiled user dll's ...
Registered in 0.006808 seconds.
Begin MonoManager ReloadAssembly
Native extension for WindowsStandalone target not found
Refreshing native plugins compatible for Editor in 43.15 ms, found 2 plugins.
Preloading 0 native plugins for Editor in 0.00 ms.
Mono: successfully reloaded assembly
- Completed reload, in  1.537 seconds
Platform modules already initialized, skipping
========================================================================
Worker process is ready to serve import requests
Launched and connected shader compiler UnityShaderCompiler.exe after 0.06 seconds
Refreshing native plugins compatible for Editor in 0.53 ms, found 2 plugins.
Preloading 0 native plugins for Editor in 0.00 ms.
Unloading 1625 Unused Serialized files (Serialized files now loaded: 0)
System memory in use before: 90.5 MB.
System memory in use after: 90.5 MB.

Unloading 25 unused Assets to reduce memory usage. Loaded Objects now: 2071.
Total: 2.944100 ms (FindLiveObjects: 0.201900 ms CreateObjectMapping: 0.039500 ms MarkObjects: 2.569800 ms  DeleteObjects: 0.131400 ms)

========================================================================
Received Import Request.
  path: Assets/Samples/Input System/1.1.0-pre.5/Rebinding UI/Unity.InputSystem.RebindingUI.asmdef
  artifactKey: Guid(0e27b928aa4d07c46ac4346b2411cb62) Importer(815301076,1909f56bfc062723c751e8b465ee728b)
Start importing Assets/Samples/Input System/1.1.0-pre.5/Rebinding UI/Unity.InputSystem.RebindingUI.asmdef using Guid(0e27b928aa4d07c46ac4346b2411cb62) Importer(815301076,1909f56bfc062723c751e8b465ee728b)  -> (artifact id: '48f0636fb56176a1f6e550924e0a11bb') in 0.030036 seconds
  Import took 0.033050 seconds .

========================================================================
Received Import Request.
  Time since last request: 0.000206 seconds.
  path: Assets/Samples/Input System/1.1.0-pre.5/Rebinding UI/RebindUISampleActions.inputactions
  artifactKey: Guid(7dead05c54ca85b4681351aafd8bd03a) Importer(815301076,1909f56bfc062723c751e8b465ee728b)
Start importing Assets/Samples/Input System/1.1.0-pre.5/Rebinding UI/RebindUISampleActions.inputactions using Guid(7dead05c54ca85b4681351aafd8bd03a) Importer(815301076,1909f56bfc062723c751e8b465ee728b)  -> (artifact id: 'e164dd43e5fce2d3eba61822c1ef279a') in 0.036706 seconds
  Import took 0.041529 seconds .

========================================================================
Received Import Request.
  Time since last request: 0.000258 seconds.
  path: Assets/Samples/Input System/1.1.0-pre.5/Rebinding UI/RebindUIPrefab.prefab
  artifactKey: Guid(f25dcd618d3acd64795bf8bb32edb6c9) Importer(815301076,1909f56bfc062723c751e8b465ee728b)
Start importing Assets/Samples/Input System/1.1.0-pre.5/Rebinding UI/RebindUIPrefab.prefab using Guid(f25dcd618d3acd64795bf8bb32edb6c9) Importer(815301076,1909f56bfc062723c751e8b465ee728b)  -> (artifact id: '5f84d16cc6c8bd29b13664c55e532878') in 0.070086 seconds
  Import took 0.073600 seconds .

========================================================================
Received Import Request.
  Time since last request: 70.475532 seconds.
  path: Assets/Samples/Input System/1.1.0-pre.5/Rebinding UI/RebindUIPrefab.prefab
  artifactKey: Guid(f25dcd618d3acd64795bf8bb32edb6c9) Importer(815301076,1909f56bfc062723c751e8b465ee728b)
Start importing Assets/Samples/Input System/1.1.0-pre.5/Rebinding UI/RebindUIPrefab.prefab using Guid(f25dcd618d3acd64795bf8bb32edb6c9) Importer(815301076,1909f56bfc062723c751e8b465ee728b)  -> (artifact id: 'afdfd885d081ccc7929448082a045cff') in 0.008394 seconds
  Import took 0.011553 seconds .

========================================================================
Received Import Request.
  Time since last request: 0.772442 seconds.
  path: Assets/Samples/Input System/1.1.0-pre.5/Rebinding UI/RebindUIPrefab.prefab
  artifactKey: Guid(f25dcd618d3acd64795bf8bb32edb6c9) Importer(815301076,1909f56bfc062723c751e8b465ee728b)
Start importing Assets/Samples/Input System/1.1.0-pre.5/Rebinding UI/RebindUIPrefab.prefab using Guid(f25dcd618d3acd64795bf8bb32edb6c9) Importer(815301076,1909f56bfc062723c751e8b465ee728b)  -> (artifact id: '00ff0b1295e34d9fbe655c91beacd35b') in 0.009642 seconds
  Import took 0.013909 seconds .

========================================================================
Received Import Request.
  Time since last request: 89.083116 seconds.
  path: Assets/Samples/Input System/1.1.0-pre.5/Rebinding UI/RebindUIPrefab.prefab
  artifactKey: Guid(f25dcd618d3acd64795bf8bb32edb6c9) Importer(815301076,1909f56bfc062723c751e8b465ee728b)
Start importing Assets/Samples/Input System/1.1.0-pre.5/Rebinding UI/RebindUIPrefab.prefab using Guid(f25dcd618d3acd64795bf8bb32edb6c9) Importer(815301076,1909f56bfc062723c751e8b465ee728b)  -> (artifact id: '00ff0b1295e34d9fbe655c91beacd35b') in 0.012690 seconds
  Import took 0.017770 seconds .

========================================================================
Received Import Request.
  Time since last request: 4.108549 seconds.
  path: Assets/Samples/Input System/1.1.0-pre.5/Rebinding UI/RebindUIPrefab.prefab
  artifactKey: Guid(f25dcd618d3acd64795bf8bb32edb6c9) Importer(815301076,1909f56bfc062723c751e8b465ee728b)
Start importing Assets/Samples/Input System/1.1.0-pre.5/Rebinding UI/RebindUIPrefab.prefab using Guid(f25dcd618d3acd64795bf8bb32edb6c9) Importer(815301076,1909f56bfc062723c751e8b465ee728b)  -> (artifact id: '35ac296f3a4d1f6df2e995c0b40b4d0f') in 0.008542 seconds
  Import took 0.011731 seconds .

========================================================================
Received Import Request.
  Time since last request: 4.931243 seconds.
  path: Assets/Samples/Input System/1.1.0-pre.5/Rebinding UI/RebindUIPrefab.prefab
  artifactKey: Guid(f25dcd618d3acd64795bf8bb32edb6c9) Importer(815301076,1909f56bfc062723c751e8b465ee728b)
Start importing Assets/Samples/Input System/1.1.0-pre.5/Rebinding UI/RebindUIPrefab.prefab using Guid(f25dcd618d3acd64795bf8bb32edb6c9) Importer(815301076,1909f56bfc062723c751e8b465ee728b)  -> (artifact id: 'db71247246048b2a9c287a39f03a6f5f') in 0.006592 seconds
  Import took 0.010020 seconds .

========================================================================
Received Import Request.
  Time since last request: 13.538331 seconds.
  path: Assets/Samples/Input System/1.1.0-pre.5/Rebinding UI/RebindUIPrefab.prefab
  artifactKey: Guid(f25dcd618d3acd64795bf8bb32edb6c9) Importer(815301076,1909f56bfc062723c751e8b465ee728b)
Start importing Assets/Samples/Input System/1.1.0-pre.5/Rebinding UI/RebindUIPrefab.prefab using Guid(f25dcd618d3acd64795bf8bb32edb6c9) Importer(815301076,1909f56bfc062723c751e8b465ee728b)  -> (artifact id: '55a8486b9befdf782acecf6a16c25f75') in 0.008242 seconds
  Import took 0.011682 seconds .

========================================================================
Received Import Request.
  Time since last request: 2.015534 seconds.
  path: Assets/Samples/Input System/1.1.0-pre.5/Rebinding UI/RebindUIPrefab.prefab
  artifactKey: Guid(f25dcd618d3acd64795bf8bb32edb6c9) Importer(815301076,1909f56bfc062723c751e8b465ee728b)
Start importing Assets/Samples/Input System/1.1.0-pre.5/Rebinding UI/RebindUIPrefab.prefab using Guid(f25dcd618d3acd64795bf8bb32edb6c9) Importer(815301076,1909f56bfc062723c751e8b465ee728b)  -> (artifact id: 'deb2be8db83ae19ab61680e3b7e1982a') in 0.012497 seconds
  Import took 0.015871 seconds .

========================================================================
Received Import Request.
  Time since last request: 1.200269 seconds.
  path: Assets/Samples/Input System/1.1.0-pre.5/Rebinding UI/RebindUIPrefab.prefab
  artifactKey: Guid(f25dcd618d3acd64795bf8bb32edb6c9) Importer(815301076,1909f56bfc062723c751e8b465ee728b)
Start importing Assets/Samples/Input System/1.1.0-pre.5/Rebinding UI/RebindUIPrefab.prefab using Guid(f25dcd618d3acd64795bf8bb32edb6c9) Importer(815301076,1909f56bfc062723c751e8b465ee728b)  -> (artifact id: '93c88f63961dca49de395311f550bfca') in 0.008404 seconds
  Import took 0.011789 seconds .

========================================================================
Received Import Request.
  Time since last request: 2.046393 seconds.
  path: Assets/Samples/Input System/1.1.0-pre.5/Rebinding UI/RebindUIPrefab.prefab
  artifactKey: Guid(f25dcd618d3acd64795bf8bb32edb6c9) Importer(815301076,1909f56bfc062723c751e8b465ee728b)
Start importing Assets/Samples/Input System/1.1.0-pre.5/Rebinding UI/RebindUIPrefab.prefab using Guid(f25dcd618d3acd64795bf8bb32edb6c9) Importer(815301076,1909f56bfc062723c751e8b465ee728b)  -> (artifact id: 'e04b7668eec6eaf93091c2103d2fb7ad') in 0.008711 seconds
  Import took 0.013510 seconds .

========================================================================
Received Import Request.
  Time since last request: 1.065253 seconds.
  path: Assets/Samples/Input System/1.1.0-pre.5/Rebinding UI/RebindUIPrefab.prefab
  artifactKey: Guid(f25dcd618d3acd64795bf8bb32edb6c9) Importer(815301076,1909f56bfc062723c751e8b465ee728b)
Start importing Assets/Samples/Input System/1.1.0-pre.5/Rebinding UI/RebindUIPrefab.prefab using Guid(f25dcd618d3acd64795bf8bb32edb6c9) Importer(815301076,1909f56bfc062723c751e8b465ee728b)  -> (artifact id: 'ab7ee662e8f48b584210623637d210b7') in 0.012045 seconds
  Import took 0.015251 seconds .

========================================================================
Received Prepare
Registering precompiled user dll's ...
Registered in 0.006652 seconds.
Begin MonoManager ReloadAssembly
Native extension for WindowsStandalone target not found
Refreshing native plugins compatible for Editor in 0.49 ms, found 2 plugins.
Preloading 0 native plugins for Editor in 0.00 ms.
Mono: successfully reloaded assembly
- Completed reload, in  1.204 seconds
Platform modules already initialized, skipping
Refreshing native plugins compatible for Editor in 0.49 ms, found 2 plugins.
Preloading 0 native plugins for Editor in 0.00 ms.
Unloading 1606 Unused Serialized files (Serialized files now loaded: 0)
System memory in use before: 89.3 MB.
System memory in use after: 89.4 MB.

Unloading 19 unused Assets to reduce memory usage. Loaded Objects now: 2076.
Total: 2.400400 ms (FindLiveObjects: 0.221100 ms CreateObjectMapping: 0.041300 ms MarkObjects: 2.040100 ms  DeleteObjects: 0.096100 ms)

========================================================================
Received Import Request.
  Time since last request: 984.132845 seconds.
  path: Assets/Prefabs
  artifactKey: Guid(9de8987159dff9b4c8d2e50de60b6d03) Importer(815301076,1909f56bfc062723c751e8b465ee728b)
Start importing Assets/Prefabs using Guid(9de8987159dff9b4c8d2e50de60b6d03) Importer(815301076,1909f56bfc062723c751e8b465ee728b)  -> (artifact id: '561d8462a6b9ca456d11182e812339a3') in 0.011689 seconds
  Import took 0.015041 seconds .

========================================================================
Received Import Request.
  Time since last request: 4.010867 seconds.
  path: Assets/Prefabs/Menu
  artifactKey: Guid(e6c4d23e2767fbf4695e1ab04a6340e0) Importer(815301076,1909f56bfc062723c751e8b465ee728b)
Start importing Assets/Prefabs/Menu using Guid(e6c4d23e2767fbf4695e1ab04a6340e0) Importer(815301076,1909f56bfc062723c751e8b465ee728b)  -> (artifact id: 'f3b4471d3a849289268211ff12bf7c82') in 0.009811 seconds
  Import took 0.013007 seconds .

========================================================================
Received Import Request.
  Time since last request: 32.558127 seconds.
  path: Assets/Prefabs/Menu/Rebind Panel.prefab
  artifactKey: Guid(9fccd502f930ff042a122762f02c520e) Importer(815301076,1909f56bfc062723c751e8b465ee728b)
Start importing Assets/Prefabs/Menu/Rebind Panel.prefab using Guid(9fccd502f930ff042a122762f02c520e) Importer(815301076,1909f56bfc062723c751e8b465ee728b)  -> (artifact id: 'be4b4d4f019b72b6abb1de4e671f7367') in 0.209056 seconds
  Import took 0.213843 seconds .

========================================================================
Received Import Request.
  Time since last request: 107.917535 seconds.
  path: Assets/Prefabs/Menu/Rebind Panel.prefab
  artifactKey: Guid(9fccd502f930ff042a122762f02c520e) Importer(815301076,1909f56bfc062723c751e8b465ee728b)
Start importing Assets/Prefabs/Menu/Rebind Panel.prefab using Guid(9fccd502f930ff042a122762f02c520e) Importer(815301076,1909f56bfc062723c751e8b465ee728b)  -> (artifact id: '7f6b6775b5d3e9263e17a38ff1b62d85') in 0.093169 seconds
  Import took 0.099075 seconds .

========================================================================
Received Import Request.
  Time since last request: 3.735173 seconds.
  path: Assets/Prefabs/Menu/Rebind Panel.prefab
  artifactKey: Guid(9fccd502f930ff042a122762f02c520e) Importer(815301076,1909f56bfc062723c751e8b465ee728b)
Start importing Assets/Prefabs/Menu/Rebind Panel.prefab using Guid(9fccd502f930ff042a122762f02c520e) Importer(815301076,1909f56bfc062723c751e8b465ee728b)  -> (artifact id: 'fd19a64f6f64f389dd6755ca8c97df68') in 0.014550 seconds
  Import took 0.018147 seconds .

========================================================================
Received Prepare
Registering precompiled user dll's ...
Registered in 0.005571 seconds.
Begin MonoManager ReloadAssembly
Native extension for WindowsStandalone target not found
Refreshing native plugins compatible for Editor in 0.56 ms, found 2 plugins.
Preloading 0 native plugins for Editor in 0.00 ms.
Mono: successfully reloaded assembly
- Completed reload, in  2.074 seconds
Platform modules already initialized, skipping
Refreshing native plugins compatible for Editor in 0.66 ms, found 2 plugins.
Preloading 0 native plugins for Editor in 0.00 ms.
Unloading 1606 Unused Serialized files (Serialized files now loaded: 0)
System memory in use before: 89.4 MB.
System memory in use after: 89.5 MB.

Unloading 20 unused Assets to reduce memory usage. Loaded Objects now: 2079.
Total: 3.840900 ms (FindLiveObjects: 0.397600 ms CreateObjectMapping: 0.112500 ms MarkObjects: 3.222600 ms  DeleteObjects: 0.106500 ms)

========================================================================
Received Prepare
Registering precompiled user dll's ...
Registered in 0.006213 seconds.
Begin MonoManager ReloadAssembly
Native extension for WindowsStandalone target not found
Refreshing native plugins compatible for Editor in 0.86 ms, found 2 plugins.
Preloading 0 native plugins for Editor in 0.00 ms.
Mono: successfully reloaded assembly
- Completed reload, in  1.489 seconds
Platform modules already initialized, skipping
Refreshing native plugins compatible for Editor in 0.52 ms, found 2 plugins.
Preloading 0 native plugins for Editor in 0.00 ms.
Unloading 1606 Unused Serialized files (Serialized files now loaded: 0)
System memory in use before: 89.4 MB.
System memory in use after: 89.5 MB.

Unloading 18 unused Assets to reduce memory usage. Loaded Objects now: 2082.
Total: 3.236200 ms (FindLiveObjects: 0.647800 ms CreateObjectMapping: 0.118600 ms MarkObjects: 2.368600 ms  DeleteObjects: 0.099000 ms)

========================================================================
Received Prepare
Registering precompiled user dll's ...
Registered in 0.005349 seconds.
Begin MonoManager ReloadAssembly
Native extension for WindowsStandalone target not found
Refreshing native plugins compatible for Editor in 0.53 ms, found 2 plugins.
Preloading 0 native plugins for Editor in 0.00 ms.
Mono: successfully reloaded assembly
- Completed reload, in  1.317 seconds
Platform modules already initialized, skipping
Refreshing native plugins compatible for Editor in 0.47 ms, found 2 plugins.
Preloading 0 native plugins for Editor in 0.00 ms.
Unloading 1606 Unused Serialized files (Serialized files now loaded: 0)
System memory in use before: 89.4 MB.
System memory in use after: 89.5 MB.

Unloading 18 unused Assets to reduce memory usage. Loaded Objects now: 2085.
Total: 2.378600 ms (FindLiveObjects: 0.193300 ms CreateObjectMapping: 0.039500 ms MarkObjects: 2.040900 ms  DeleteObjects: 0.103100 ms)

========================================================================
Received Prepare
Registering precompiled user dll's ...
Registered in 0.005479 seconds.
Begin MonoManager ReloadAssembly
Native extension for WindowsStandalone target not found
Refreshing native plugins compatible for Editor in 0.50 ms, found 2 plugins.
Preloading 0 native plugins for Editor in 0.00 ms.
Mono: successfully reloaded assembly
- Completed reload, in  1.119 seconds
Platform modules already initialized, skipping
Refreshing native plugins compatible for Editor in 0.48 ms, found 2 plugins.
Preloading 0 native plugins for Editor in 0.00 ms.
Unloading 1606 Unused Serialized files (Serialized files now loaded: 0)
System memory in use before: 89.4 MB.
System memory in use after: 89.5 MB.

Unloading 18 unused Assets to reduce memory usage. Loaded Objects now: 2088.
Total: 2.190300 ms (FindLiveObjects: 0.188800 ms CreateObjectMapping: 0.039000 ms MarkObjects: 1.866700 ms  DeleteObjects: 0.094000 ms)

========================================================================
Received Prepare
Registering precompiled user dll's ...
Registered in 0.006757 seconds.
Begin MonoManager ReloadAssembly
Native extension for WindowsStandalone target not found
Refreshing native plugins compatible for Editor in 0.49 ms, found 2 plugins.
Preloading 0 native plugins for Editor in 0.00 ms.
Mono: successfully reloaded assembly
- Completed reload, in  1.268 seconds
Platform modules already initialized, skipping
Refreshing native plugins compatible for Editor in 0.48 ms, found 2 plugins.
Preloading 0 native plugins for Editor in 0.00 ms.
Unloading 1606 Unused Serialized files (Serialized files now loaded: 0)
System memory in use before: 89.4 MB.
System memory in use after: 89.5 MB.

Unloading 18 unused Assets to reduce memory usage. Loaded Objects now: 2091.
Total: 2.679700 ms (FindLiveObjects: 0.202500 ms CreateObjectMapping: 0.046400 ms MarkObjects: 2.304500 ms  DeleteObjects: 0.124500 ms)

========================================================================
Received Prepare
Registering precompiled user dll's ...
Registered in 0.006696 seconds.
Begin MonoManager ReloadAssembly
Native extension for WindowsStandalone target not found
Refreshing native plugins compatible for Editor in 0.57 ms, found 2 plugins.
Preloading 0 native plugins for Editor in 0.00 ms.
Mono: successfully reloaded assembly
- Completed reload, in  1.768 seconds
Platform modules already initialized, skipping
Refreshing native plugins compatible for Editor in 0.46 ms, found 2 plugins.
Preloading 0 native plugins for Editor in 0.00 ms.
Unloading 1606 Unused Serialized files (Serialized files now loaded: 0)
System memory in use before: 89.4 MB.
System memory in use after: 89.5 MB.

Unloading 18 unused Assets to reduce memory usage. Loaded Objects now: 2094.
Total: 2.731800 ms (FindLiveObjects: 0.211100 ms CreateObjectMapping: 0.099000 ms MarkObjects: 2.318800 ms  DeleteObjects: 0.101400 ms)

========================================================================
Received Prepare
Registering precompiled user dll's ...
Registered in 0.007162 seconds.
Begin MonoManager ReloadAssembly
Native extension for WindowsStandalone target not found
Refreshing native plugins compatible for Editor in 0.52 ms, found 2 plugins.
Preloading 0 native plugins for Editor in 0.00 ms.
Mono: successfully reloaded assembly
- Completed reload, in  1.289 seconds
Platform modules already initialized, skipping
Refreshing native plugins compatible for Editor in 0.66 ms, found 2 plugins.
Preloading 0 native plugins for Editor in 0.00 ms.
Unloading 1606 Unused Serialized files (Serialized files now loaded: 0)
System memory in use before: 89.4 MB.
System memory in use after: 89.5 MB.

Unloading 18 unused Assets to reduce memory usage. Loaded Objects now: 2097.
Total: 3.103700 ms (FindLiveObjects: 0.213000 ms CreateObjectMapping: 0.041400 ms MarkObjects: 2.742000 ms  DeleteObjects: 0.105200 ms)

========================================================================
Received Prepare
Registering precompiled user dll's ...
Registered in 0.005486 seconds.
Begin MonoManager ReloadAssembly
Native extension for WindowsStandalone target not found
Refreshing native plugins compatible for Editor in 0.68 ms, found 2 plugins.
Preloading 0 native plugins for Editor in 0.00 ms.
Mono: successfully reloaded assembly
- Completed reload, in  1.276 seconds
Platform modules already initialized, skipping
Refreshing native plugins compatible for Editor in 0.83 ms, found 2 plugins.
Preloading 0 native plugins for Editor in 0.00 ms.
Unloading 1606 Unused Serialized files (Serialized files now loaded: 0)
System memory in use before: 89.5 MB.
System memory in use after: 89.5 MB.

Unloading 18 unused Assets to reduce memory usage. Loaded Objects now: 2100.
Total: 2.601800 ms (FindLiveObjects: 0.202100 ms CreateObjectMapping: 0.042000 ms MarkObjects: 2.207800 ms  DeleteObjects: 0.148200 ms)

========================================================================
Received Prepare
Registering precompiled user dll's ...
Registered in 0.005745 seconds.
Begin MonoManager ReloadAssembly
Native extension for WindowsStandalone target not found
Refreshing native plugins compatible for Editor in 0.51 ms, found 2 plugins.
Preloading 0 native plugins for Editor in 0.00 ms.
Mono: successfully reloaded assembly
- Completed reload, in  1.280 seconds
Platform modules already initialized, skipping
Refreshing native plugins compatible for Editor in 0.49 ms, found 2 plugins.
Preloading 0 native plugins for Editor in 0.00 ms.
Unloading 1606 Unused Serialized files (Serialized files now loaded: 0)
System memory in use before: 89.5 MB.
System memory in use after: 89.5 MB.

Unloading 18 unused Assets to reduce memory usage. Loaded Objects now: 2103.
Total: 3.819700 ms (FindLiveObjects: 0.205200 ms CreateObjectMapping: 0.040600 ms MarkObjects: 3.467800 ms  DeleteObjects: 0.104300 ms)

========================================================================
Received Prepare
Registering precompiled user dll's ...
Registered in 0.005931 seconds.
Begin MonoManager ReloadAssembly
Native extension for WindowsStandalone target not found
Refreshing native plugins compatible for Editor in 0.53 ms, found 2 plugins.
Preloading 0 native plugins for Editor in 0.00 ms.
Mono: successfully reloaded assembly
- Completed reload, in  1.222 seconds
Platform modules already initialized, skipping
Refreshing native plugins compatible for Editor in 0.50 ms, found 2 plugins.
Preloading 0 native plugins for Editor in 0.00 ms.
Unloading 1606 Unused Serialized files (Serialized files now loaded: 0)
System memory in use before: 89.5 MB.
System memory in use after: 89.5 MB.

Unloading 18 unused Assets to reduce memory usage. Loaded Objects now: 2106.
Total: 2.398400 ms (FindLiveObjects: 0.207200 ms CreateObjectMapping: 0.042600 ms MarkObjects: 1.964100 ms  DeleteObjects: 0.182800 ms)

========================================================================
Received Prepare
Registering precompiled user dll's ...
Registered in 0.006761 seconds.
Begin MonoManager ReloadAssembly
Native extension for WindowsStandalone target not found
Refreshing native plugins compatible for Editor in 0.57 ms, found 2 plugins.
Preloading 0 native plugins for Editor in 0.00 ms.
Mono: successfully reloaded assembly
- Completed reload, in  1.171 seconds
Platform modules already initialized, skipping
Refreshing native plugins compatible for Editor in 0.48 ms, found 2 plugins.
Preloading 0 native plugins for Editor in 0.00 ms.
Unloading 1606 Unused Serialized files (Serialized files now loaded: 0)
System memory in use before: 89.5 MB.
System memory in use after: 89.6 MB.

Unloading 18 unused Assets to reduce memory usage. Loaded Objects now: 2109.
Total: 2.461900 ms (FindLiveObjects: 0.217400 ms CreateObjectMapping: 0.043700 ms MarkObjects: 2.101000 ms  DeleteObjects: 0.098400 ms)

========================================================================
Received Import Request.
  Time since last request: 939.634044 seconds.
  path: Assets/Prefabs/Menu/Rebind Panel.prefab
  artifactKey: Guid(9fccd502f930ff042a122762f02c520e) Importer(815301076,1909f56bfc062723c751e8b465ee728b)
Start importing Assets/Prefabs/Menu/Rebind Panel.prefab using Guid(9fccd502f930ff042a122762f02c520e) Importer(815301076,1909f56bfc062723c751e8b465ee728b)  -> (artifact id: 'ed09d1b735a04621d38eed9f94212eaf') in 0.110413 seconds
  Import took 0.113440 seconds .

========================================================================
Received Import Request.
  Time since last request: 67.246007 seconds.
  path: Assets/Prefabs/Menu/Rebind Panel.prefab
  artifactKey: Guid(9fccd502f930ff042a122762f02c520e) Importer(815301076,1909f56bfc062723c751e8b465ee728b)
Start importing Assets/Prefabs/Menu/Rebind Panel.prefab using Guid(9fccd502f930ff042a122762f02c520e) Importer(815301076,1909f56bfc062723c751e8b465ee728b)  -> (artifact id: 'eb7f6e3ca8eaae5564d7bdfd4be72ad4') in 0.019284 seconds
  Import took 0.025480 seconds .

========================================================================
Received Import Request.
  Time since last request: 17.457783 seconds.
  path: Assets/Prefabs/Menu/Rebind Panel.prefab
  artifactKey: Guid(9fccd502f930ff042a122762f02c520e) Importer(815301076,1909f56bfc062723c751e8b465ee728b)
Start importing Assets/Prefabs/Menu/Rebind Panel.prefab using Guid(9fccd502f930ff042a122762f02c520e) Importer(815301076,1909f56bfc062723c751e8b465ee728b)  -> (artifact id: '0a9281fcffa93f6f30f5836ecf3d169f') in 0.020817 seconds
  Import took 0.024533 seconds .

========================================================================
Received Import Request.
  Time since last request: 14.062077 seconds.
  path: Assets/Prefabs/Menu/Rebind Panel.prefab
  artifactKey: Guid(9fccd502f930ff042a122762f02c520e) Importer(815301076,1909f56bfc062723c751e8b465ee728b)
Start importing Assets/Prefabs/Menu/Rebind Panel.prefab using Guid(9fccd502f930ff042a122762f02c520e) Importer(815301076,1909f56bfc062723c751e8b465ee728b)  -> (artifact id: 'fcfd9762b3fccbb41463d30d0af23315') in 0.007903 seconds
  Import took 0.012713 seconds .

========================================================================
Received Import Request.
  Time since last request: 17.356769 seconds.
  path: Assets/Prefabs/Menu/Rebind Panel.prefab
  artifactKey: Guid(9fccd502f930ff042a122762f02c520e) Importer(815301076,1909f56bfc062723c751e8b465ee728b)
Start importing Assets/Prefabs/Menu/Rebind Panel.prefab using Guid(9fccd502f930ff042a122762f02c520e) Importer(815301076,1909f56bfc062723c751e8b465ee728b)  -> (artifact id: '537c08cc030824212d49484d0ec1478c') in 0.009854 seconds
  Import took 0.012813 seconds .

========================================================================
Received Import Request.
  Time since last request: 6.997893 seconds.
  path: Assets/Prefabs/Menu/Rebind Panel.prefab
  artifactKey: Guid(9fccd502f930ff042a122762f02c520e) Importer(815301076,1909f56bfc062723c751e8b465ee728b)
Start importing Assets/Prefabs/Menu/Rebind Panel.prefab using Guid(9fccd502f930ff042a122762f02c520e) Importer(815301076,1909f56bfc062723c751e8b465ee728b)  -> (artifact id: '2d8bda1d2abef8a3ea79e565a0e1d9be') in 0.009773 seconds
  Import took 0.012866 seconds .

========================================================================
Received Import Request.
  Time since last request: 0.796274 seconds.
  path: Assets/Prefabs/Menu/Rebind Panel.prefab
  artifactKey: Guid(9fccd502f930ff042a122762f02c520e) Importer(815301076,1909f56bfc062723c751e8b465ee728b)
Start importing Assets/Prefabs/Menu/Rebind Panel.prefab using Guid(9fccd502f930ff042a122762f02c520e) Importer(815301076,1909f56bfc062723c751e8b465ee728b)  -> (artifact id: 'f4a26e173c70202da196d717250a3132') in 0.011415 seconds
  Import took 0.015032 seconds .

========================================================================
Received Import Request.
  Time since last request: 1.251959 seconds.
  path: Assets/Prefabs/Menu/Rebind Panel.prefab
  artifactKey: Guid(9fccd502f930ff042a122762f02c520e) Importer(815301076,1909f56bfc062723c751e8b465ee728b)
Start importing Assets/Prefabs/Menu/Rebind Panel.prefab using Guid(9fccd502f930ff042a122762f02c520e) Importer(815301076,1909f56bfc062723c751e8b465ee728b)  -> (artifact id: 'b801a196e0c7cc248f194eca84852dc4') in 0.008586 seconds
  Import took 0.011640 seconds .

========================================================================
Received Import Request.
  Time since last request: 7.399347 seconds.
  path: Assets/Prefabs/Menu/Rebind Panel.prefab
  artifactKey: Guid(9fccd502f930ff042a122762f02c520e) Importer(815301076,1909f56bfc062723c751e8b465ee728b)
Start importing Assets/Prefabs/Menu/Rebind Panel.prefab using Guid(9fccd502f930ff042a122762f02c520e) Importer(815301076,1909f56bfc062723c751e8b465ee728b)  -> (artifact id: 'dec743e7f83c3b0a35ecdd806439a70b') in 0.013315 seconds
  Import took 0.016935 seconds .

========================================================================
Received Import Request.
  Time since last request: 2.896089 seconds.
  path: Assets/Prefabs/Menu/Rebind Panel.prefab
  artifactKey: Guid(9fccd502f930ff042a122762f02c520e) Importer(815301076,1909f56bfc062723c751e8b465ee728b)
Start importing Assets/Prefabs/Menu/Rebind Panel.prefab using Guid(9fccd502f930ff042a122762f02c520e) Importer(815301076,1909f56bfc062723c751e8b465ee728b)  -> (artifact id: '2fb7c979fdabb6680f31d061588053e7') in 0.010539 seconds
  Import took 0.013888 seconds .

========================================================================
Received Import Request.
  Time since last request: 10.279921 seconds.
  path: Assets/Prefabs/Menu/Rebind Panel.prefab
  artifactKey: Guid(9fccd502f930ff042a122762f02c520e) Importer(815301076,1909f56bfc062723c751e8b465ee728b)
Start importing Assets/Prefabs/Menu/Rebind Panel.prefab using Guid(9fccd502f930ff042a122762f02c520e) Importer(815301076,1909f56bfc062723c751e8b465ee728b)  -> (artifact id: 'ce719724f406fbff17c9de51ac15ab3a') in 0.027747 seconds
  Import took 0.068057 seconds .

========================================================================
Received Import Request.
  Time since last request: 11.969589 seconds.
  path: Assets/Prefabs/Menu/Rebind Panel.prefab
  artifactKey: Guid(9fccd502f930ff042a122762f02c520e) Importer(815301076,1909f56bfc062723c751e8b465ee728b)
Start importing Assets/Prefabs/Menu/Rebind Panel.prefab using Guid(9fccd502f930ff042a122762f02c520e) Importer(815301076,1909f56bfc062723c751e8b465ee728b)  -> (artifact id: 'd79135ba1d79350a8794cffaa28b9ec3') in 0.009890 seconds
  Import took 0.013347 seconds .

========================================================================
Received Import Request.
  Time since last request: 6.644732 seconds.
  path: Assets/Prefabs/Menu/Rebind Panel.prefab
  artifactKey: Guid(9fccd502f930ff042a122762f02c520e) Importer(815301076,1909f56bfc062723c751e8b465ee728b)
Start importing Assets/Prefabs/Menu/Rebind Panel.prefab using Guid(9fccd502f930ff042a122762f02c520e) Importer(815301076,1909f56bfc062723c751e8b465ee728b)  -> (artifact id: 'c602f0b0c610ad678870f7daeb6ac4bf') in 0.010659 seconds
  Import took 0.014289 seconds .

========================================================================
Received Import Request.
  Time since last request: 9.942113 seconds.
  path: Assets/Prefabs/Menu/Rebind Panel.prefab
  artifactKey: Guid(9fccd502f930ff042a122762f02c520e) Importer(815301076,1909f56bfc062723c751e8b465ee728b)
Start importing Assets/Prefabs/Menu/Rebind Panel.prefab using Guid(9fccd502f930ff042a122762f02c520e) Importer(815301076,1909f56bfc062723c751e8b465ee728b)  -> (artifact id: '1f09e7b97415c26f4b891436455fbab3') in 0.011027 seconds
  Import took 0.014890 seconds .

========================================================================
Received Import Request.
  Time since last request: 4.642175 seconds.
  path: Assets/Prefabs/Menu/Rebind Panel.prefab
  artifactKey: Guid(9fccd502f930ff042a122762f02c520e) Importer(815301076,1909f56bfc062723c751e8b465ee728b)
Start importing Assets/Prefabs/Menu/Rebind Panel.prefab using Guid(9fccd502f930ff042a122762f02c520e) Importer(815301076,1909f56bfc062723c751e8b465ee728b)  -> (artifact id: '99c51cbb1b13be250528e17a955c01e5') in 0.010240 seconds
  Import took 0.013520 seconds .

========================================================================
Received Import Request.
  Time since last request: 27.600379 seconds.
  path: Assets/Prefabs/Menu/Rebind Panel.prefab
  artifactKey: Guid(9fccd502f930ff042a122762f02c520e) Importer(815301076,1909f56bfc062723c751e8b465ee728b)
Start importing Assets/Prefabs/Menu/Rebind Panel.prefab using Guid(9fccd502f930ff042a122762f02c520e) Importer(815301076,1909f56bfc062723c751e8b465ee728b)  -> (artifact id: '7a51e405ceb60c47b637069acf3cd225') in 0.009260 seconds
  Import took 0.013787 seconds .

========================================================================
Received Import Request.
  Time since last request: 13.897121 seconds.
  path: Assets/Prefabs/Menu/Rebind Panel.prefab
  artifactKey: Guid(9fccd502f930ff042a122762f02c520e) Importer(815301076,1909f56bfc062723c751e8b465ee728b)
Start importing Assets/Prefabs/Menu/Rebind Panel.prefab using Guid(9fccd502f930ff042a122762f02c520e) Importer(815301076,1909f56bfc062723c751e8b465ee728b)  -> (artifact id: '78122bab7001a9b951f96d17e2ce5c88') in 0.009119 seconds
  Import took 0.012188 seconds .

========================================================================
Received Prepare
Registering precompiled user dll's ...
Registered in 0.006077 seconds.
Begin MonoManager ReloadAssembly
Native extension for WindowsStandalone target not found
Refreshing native plugins compatible for Editor in 0.52 ms, found 2 plugins.
Preloading 0 native plugins for Editor in 0.00 ms.
Mono: successfully reloaded assembly
- Completed reload, in  1.197 seconds
Platform modules already initialized, skipping
Refreshing native plugins compatible for Editor in 0.48 ms, found 2 plugins.
Preloading 0 native plugins for Editor in 0.00 ms.
Unloading 1606 Unused Serialized files (Serialized files now loaded: 0)
System memory in use before: 89.5 MB.
System memory in use after: 89.6 MB.

Unloading 20 unused Assets to reduce memory usage. Loaded Objects now: 2112.
Total: 2.606000 ms (FindLiveObjects: 0.196700 ms CreateObjectMapping: 0.039100 ms MarkObjects: 2.259600 ms  DeleteObjects: 0.109100 ms)

========================================================================
Received Prepare
Registering precompiled user dll's ...
Registered in 0.006170 seconds.
Begin MonoManager ReloadAssembly
Native extension for WindowsStandalone target not found
Refreshing native plugins compatible for Editor in 0.61 ms, found 2 plugins.
Preloading 0 native plugins for Editor in 0.00 ms.
Mono: successfully reloaded assembly
- Completed reload, in  1.173 seconds
Platform modules already initialized, skipping
Refreshing native plugins compatible for Editor in 0.51 ms, found 2 plugins.
Preloading 0 native plugins for Editor in 0.00 ms.
Unloading 1606 Unused Serialized files (Serialized files now loaded: 0)
System memory in use before: 89.5 MB.
System memory in use after: 89.6 MB.

Unloading 18 unused Assets to reduce memory usage. Loaded Objects now: 2115.
Total: 2.369500 ms (FindLiveObjects: 0.216100 ms CreateObjectMapping: 0.039600 ms MarkObjects: 2.010600 ms  DeleteObjects: 0.101100 ms)

========================================================================
Received Prepare
Registering precompiled user dll's ...
Registered in 0.006603 seconds.
Begin MonoManager ReloadAssembly
Native extension for WindowsStandalone target not found
Refreshing native plugins compatible for Editor in 0.55 ms, found 2 plugins.
Preloading 0 native plugins for Editor in 0.00 ms.
Mono: successfully reloaded assembly
- Completed reload, in  1.189 seconds
Platform modules already initialized, skipping
Refreshing native plugins compatible for Editor in 0.48 ms, found 2 plugins.
Preloading 0 native plugins for Editor in 0.00 ms.
Unloading 1606 Unused Serialized files (Serialized files now loaded: 0)
System memory in use before: 89.5 MB.
System memory in use after: 89.6 MB.

Unloading 18 unused Assets to reduce memory usage. Loaded Objects now: 2118.
Total: 2.454700 ms (FindLiveObjects: 0.205800 ms CreateObjectMapping: 0.040200 ms MarkObjects: 2.113400 ms  DeleteObjects: 0.093900 ms)

========================================================================
Received Prepare
Registering precompiled user dll's ...
Registered in 0.006234 seconds.
Begin MonoManager ReloadAssembly
Native extension for WindowsStandalone target not found
Refreshing native plugins compatible for Editor in 0.55 ms, found 2 plugins.
Preloading 0 native plugins for Editor in 0.00 ms.
Mono: successfully reloaded assembly
- Completed reload, in  1.330 seconds
Platform modules already initialized, skipping
Refreshing native plugins compatible for Editor in 0.50 ms, found 2 plugins.
Preloading 0 native plugins for Editor in 0.00 ms.
Unloading 1606 Unused Serialized files (Serialized files now loaded: 0)
System memory in use before: 89.5 MB.
System memory in use after: 89.6 MB.

Unloading 18 unused Assets to reduce memory usage. Loaded Objects now: 2121.
Total: 2.455000 ms (FindLiveObjects: 0.201300 ms CreateObjectMapping: 0.039700 ms MarkObjects: 2.115800 ms  DeleteObjects: 0.096300 ms)

========================================================================
Received Prepare
Registering precompiled user dll's ...
Registered in 0.006494 seconds.
Begin MonoManager ReloadAssembly
Native extension for WindowsStandalone target not found
Refreshing native plugins compatible for Editor in 0.49 ms, found 2 plugins.
Preloading 0 native plugins for Editor in 0.00 ms.
Mono: successfully reloaded assembly
- Completed reload, in  1.292 seconds
Platform modules already initialized, skipping
Refreshing native plugins compatible for Editor in 0.50 ms, found 2 plugins.
Preloading 0 native plugins for Editor in 0.00 ms.
Unloading 1606 Unused Serialized files (Serialized files now loaded: 0)
System memory in use before: 89.5 MB.
System memory in use after: 89.6 MB.

Unloading 18 unused Assets to reduce memory usage. Loaded Objects now: 2124.
Total: 2.651100 ms (FindLiveObjects: 0.192500 ms CreateObjectMapping: 0.039100 ms MarkObjects: 2.287800 ms  DeleteObjects: 0.130100 ms)

========================================================================
Received Prepare
Registering precompiled user dll's ...
Registered in 0.006062 seconds.
Begin MonoManager ReloadAssembly
Native extension for WindowsStandalone target not found
Refreshing native plugins compatible for Editor in 0.61 ms, found 2 plugins.
Preloading 0 native plugins for Editor in 0.00 ms.
Mono: successfully reloaded assembly
- Completed reload, in  1.521 seconds
Platform modules already initialized, skipping
Refreshing native plugins compatible for Editor in 0.55 ms, found 2 plugins.
Preloading 0 native plugins for Editor in 0.00 ms.
Unloading 1606 Unused Serialized files (Serialized files now loaded: 0)
System memory in use before: 89.5 MB.
System memory in use after: 89.6 MB.

Unloading 18 unused Assets to reduce memory usage. Loaded Objects now: 2127.
Total: 3.479700 ms (FindLiveObjects: 0.378500 ms CreateObjectMapping: 0.088700 ms MarkObjects: 2.893500 ms  DeleteObjects: 0.117000 ms)

========================================================================
Received Prepare
Registering precompiled user dll's ...
Registered in 0.005463 seconds.
Begin MonoManager ReloadAssembly
Native extension for WindowsStandalone target not found
Refreshing native plugins compatible for Editor in 0.49 ms, found 2 plugins.
Preloading 0 native plugins for Editor in 0.00 ms.
Mono: successfully reloaded assembly
- Completed reload, in  1.136 seconds
Platform modules already initialized, skipping
Refreshing native plugins compatible for Editor in 0.48 ms, found 2 plugins.
Preloading 0 native plugins for Editor in 0.00 ms.
Unloading 1606 Unused Serialized files (Serialized files now loaded: 0)
System memory in use before: 89.5 MB.
System memory in use after: 89.6 MB.

Unloading 18 unused Assets to reduce memory usage. Loaded Objects now: 2130.
Total: 2.455100 ms (FindLiveObjects: 0.205800 ms CreateObjectMapping: 0.042800 ms MarkObjects: 2.105600 ms  DeleteObjects: 0.099400 ms)

========================================================================
Received Prepare
Registering precompiled user dll's ...
Registered in 0.006429 seconds.
Begin MonoManager ReloadAssembly
Native extension for WindowsStandalone target not found
Refreshing native plugins compatible for Editor in 0.50 ms, found 2 plugins.
Preloading 0 native plugins for Editor in 0.00 ms.
Mono: successfully reloaded assembly
- Completed reload, in  1.231 seconds
Platform modules already initialized, skipping
Refreshing native plugins compatible for Editor in 0.56 ms, found 2 plugins.
Preloading 0 native plugins for Editor in 0.00 ms.
Unloading 1606 Unused Serialized files (Serialized files now loaded: 0)
System memory in use before: 89.5 MB.
System memory in use after: 89.6 MB.

Unloading 18 unused Assets to reduce memory usage. Loaded Objects now: 2133.
Total: 2.527800 ms (FindLiveObjects: 0.205600 ms CreateObjectMapping: 0.039400 ms MarkObjects: 2.150600 ms  DeleteObjects: 0.129600 ms)

========================================================================
Received Prepare
Registering precompiled user dll's ...
Registered in 0.008835 seconds.
Begin MonoManager ReloadAssembly
Native extension for WindowsStandalone target not found
Refreshing native plugins compatible for Editor in 0.53 ms, found 2 plugins.
Preloading 0 native plugins for Editor in 0.00 ms.
Mono: successfully reloaded assembly
- Completed reload, in  1.446 seconds
Platform modules already initialized, skipping
Refreshing native plugins compatible for Editor in 0.55 ms, found 2 plugins.
Preloading 0 native plugins for Editor in 0.00 ms.
Unloading 1606 Unused Serialized files (Serialized files now loaded: 0)
System memory in use before: 89.6 MB.
System memory in use after: 89.6 MB.

Unloading 18 unused Assets to reduce memory usage. Loaded Objects now: 2136.
Total: 3.777000 ms (FindLiveObjects: 0.291600 ms CreateObjectMapping: 0.044200 ms MarkObjects: 3.332900 ms  DeleteObjects: 0.106500 ms)

========================================================================
Received Prepare
Registering precompiled user dll's ...
Registered in 0.006104 seconds.
Begin MonoManager ReloadAssembly
Native extension for WindowsStandalone target not found
Refreshing native plugins compatible for Editor in 0.53 ms, found 2 plugins.
Preloading 0 native plugins for Editor in 0.00 ms.
Mono: successfully reloaded assembly
- Completed reload, in  1.280 seconds
Platform modules already initialized, skipping
Refreshing native plugins compatible for Editor in 0.51 ms, found 2 plugins.
Preloading 0 native plugins for Editor in 0.00 ms.
Unloading 1606 Unused Serialized files (Serialized files now loaded: 0)
System memory in use before: 89.6 MB.
System memory in use after: 89.6 MB.

Unloading 18 unused Assets to reduce memory usage. Loaded Objects now: 2139.
Total: 2.655800 ms (FindLiveObjects: 0.218900 ms CreateObjectMapping: 0.041600 ms MarkObjects: 2.288300 ms  DeleteObjects: 0.105200 ms)

========================================================================
Received Prepare
Registering precompiled user dll's ...
Registered in 0.007362 seconds.
Begin MonoManager ReloadAssembly
Native extension for WindowsStandalone target not found
Refreshing native plugins compatible for Editor in 0.58 ms, found 2 plugins.
Preloading 0 native plugins for Editor in 0.00 ms.
Mono: successfully reloaded assembly
- Completed reload, in  1.421 seconds
Platform modules already initialized, skipping
Refreshing native plugins compatible for Editor in 0.49 ms, found 2 plugins.
Preloading 0 native plugins for Editor in 0.00 ms.
Unloading 1606 Unused Serialized files (Serialized files now loaded: 0)
System memory in use before: 89.6 MB.
System memory in use after: 89.6 MB.

Unloading 18 unused Assets to reduce memory usage. Loaded Objects now: 2142.
Total: 2.392500 ms (FindLiveObjects: 0.221700 ms CreateObjectMapping: 0.040900 ms MarkObjects: 2.029700 ms  DeleteObjects: 0.098200 ms)

========================================================================
Received Prepare
Registering precompiled user dll's ...
Registered in 0.005314 seconds.
Begin MonoManager ReloadAssembly
Native extension for WindowsStandalone target not found
Refreshing native plugins compatible for Editor in 1.15 ms, found 2 plugins.
Preloading 0 native plugins for Editor in 0.00 ms.
Mono: successfully reloaded assembly
- Completed reload, in  1.407 seconds
Platform modules already initialized, skipping
Refreshing native plugins compatible for Editor in 0.50 ms, found 2 plugins.
Preloading 0 native plugins for Editor in 0.00 ms.
Unloading 1606 Unused Serialized files (Serialized files now loaded: 0)
System memory in use before: 89.6 MB.
System memory in use after: 89.7 MB.

Unloading 18 unused Assets to reduce memory usage. Loaded Objects now: 2145.
Total: 2.419500 ms (FindLiveObjects: 0.216100 ms CreateObjectMapping: 0.043100 ms MarkObjects: 2.060300 ms  DeleteObjects: 0.098100 ms)

========================================================================
Received Prepare
Registering precompiled user dll's ...
Registered in 0.005591 seconds.
Begin MonoManager ReloadAssembly
Native extension for WindowsStandalone target not found
Refreshing native plugins compatible for Editor in 0.50 ms, found 2 plugins.
Preloading 0 native plugins for Editor in 0.00 ms.
Mono: successfully reloaded assembly
- Completed reload, in  1.484 seconds
Platform modules already initialized, skipping
Refreshing native plugins compatible for Editor in 0.50 ms, found 2 plugins.
Preloading 0 native plugins for Editor in 0.00 ms.
Unloading 1606 Unused Serialized files (Serialized files now loaded: 0)
System memory in use before: 89.6 MB.
System memory in use after: 89.7 MB.

Unloading 18 unused Assets to reduce memory usage. Loaded Objects now: 2148.
Total: 2.549200 ms (FindLiveObjects: 0.213600 ms CreateObjectMapping: 0.043100 ms MarkObjects: 2.189100 ms  DeleteObjects: 0.101600 ms)

========================================================================
Received Prepare
Registering precompiled user dll's ...
Registered in 0.005896 seconds.
Begin MonoManager ReloadAssembly
Native extension for WindowsStandalone target not found
Refreshing native plugins compatible for Editor in 0.57 ms, found 2 plugins.
Preloading 0 native plugins for Editor in 0.00 ms.
Mono: successfully reloaded assembly
- Completed reload, in  1.403 seconds
Platform modules already initialized, skipping
Refreshing native plugins compatible for Editor in 0.47 ms, found 2 plugins.
Preloading 0 native plugins for Editor in 0.00 ms.
Unloading 1606 Unused Serialized files (Serialized files now loaded: 0)
System memory in use before: 89.6 MB.
System memory in use after: 89.7 MB.

Unloading 18 unused Assets to reduce memory usage. Loaded Objects now: 2151.
Total: 2.372200 ms (FindLiveObjects: 0.217700 ms CreateObjectMapping: 0.042100 ms MarkObjects: 2.007400 ms  DeleteObjects: 0.102900 ms)

========================================================================
Received Prepare
Registering precompiled user dll's ...
Registered in 0.007468 seconds.
Begin MonoManager ReloadAssembly
Native extension for WindowsStandalone target not found
Refreshing native plugins compatible for Editor in 0.69 ms, found 2 plugins.
Preloading 0 native plugins for Editor in 0.00 ms.
Mono: successfully reloaded assembly
- Completed reload, in  1.352 seconds
Platform modules already initialized, skipping
Refreshing native plugins compatible for Editor in 0.47 ms, found 2 plugins.
Preloading 0 native plugins for Editor in 0.00 ms.
Unloading 1606 Unused Serialized files (Serialized files now loaded: 0)
System memory in use before: 89.6 MB.
System memory in use after: 89.7 MB.

Unloading 18 unused Assets to reduce memory usage. Loaded Objects now: 2154.
Total: 3.351000 ms (FindLiveObjects: 0.213300 ms CreateObjectMapping: 0.040700 ms MarkObjects: 2.967800 ms  DeleteObjects: 0.127500 ms)

========================================================================
Received Prepare
Registering precompiled user dll's ...
Registered in 0.005921 seconds.
Begin MonoManager ReloadAssembly
Native extension for WindowsStandalone target not found
Refreshing native plugins compatible for Editor in 0.80 ms, found 2 plugins.
Preloading 0 native plugins for Editor in 0.00 ms.
Mono: successfully reloaded assembly
- Completed reload, in  1.593 seconds
Platform modules already initialized, skipping
Refreshing native plugins compatible for Editor in 0.49 ms, found 2 plugins.
Preloading 0 native plugins for Editor in 0.00 ms.
Unloading 1606 Unused Serialized files (Serialized files now loaded: 0)
System memory in use before: 89.6 MB.
System memory in use after: 89.7 MB.

Unloading 18 unused Assets to reduce memory usage. Loaded Objects now: 2157.
Total: 2.668800 ms (FindLiveObjects: 0.223800 ms CreateObjectMapping: 0.044300 ms MarkObjects: 2.296100 ms  DeleteObjects: 0.102600 ms)

========================================================================
Received Prepare
Registering precompiled user dll's ...
Registered in 0.007008 seconds.
Begin MonoManager ReloadAssembly
Native extension for WindowsStandalone target not found
Refreshing native plugins compatible for Editor in 0.48 ms, found 2 plugins.
Preloading 0 native plugins for Editor in 0.00 ms.
Mono: successfully reloaded assembly
- Completed reload, in  1.208 seconds
Platform modules already initialized, skipping
Refreshing native plugins compatible for Editor in 0.96 ms, found 2 plugins.
Preloading 0 native plugins for Editor in 0.00 ms.
Unloading 1606 Unused Serialized files (Serialized files now loaded: 0)
System memory in use before: 89.6 MB.
System memory in use after: 89.7 MB.

Unloading 18 unused Assets to reduce memory usage. Loaded Objects now: 2160.
Total: 2.608200 ms (FindLiveObjects: 0.206400 ms CreateObjectMapping: 0.039500 ms MarkObjects: 2.258500 ms  DeleteObjects: 0.101900 ms)

========================================================================
Received Prepare
Registering precompiled user dll's ...
Registered in 0.005917 seconds.
Begin MonoManager ReloadAssembly
Native extension for WindowsStandalone target not found
Refreshing native plugins compatible for Editor in 0.69 ms, found 2 plugins.
Preloading 0 native plugins for Editor in 0.00 ms.
Mono: successfully reloaded assembly
- Completed reload, in  1.470 seconds
Platform modules already initialized, skipping
Refreshing native plugins compatible for Editor in 0.49 ms, found 2 plugins.
Preloading 0 native plugins for Editor in 0.00 ms.
Unloading 1606 Unused Serialized files (Serialized files now loaded: 0)
System memory in use before: 89.6 MB.
System memory in use after: 89.7 MB.

Unloading 18 unused Assets to reduce memory usage. Loaded Objects now: 2163.
Total: 2.583300 ms (FindLiveObjects: 0.205200 ms CreateObjectMapping: 0.042200 ms MarkObjects: 2.230100 ms  DeleteObjects: 0.104100 ms)

========================================================================
Received Prepare
Registering precompiled user dll's ...
Registered in 0.005361 seconds.
Begin MonoManager ReloadAssembly
Native extension for WindowsStandalone target not found
Refreshing native plugins compatible for Editor in 0.59 ms, found 2 plugins.
Preloading 0 native plugins for Editor in 0.00 ms.
Mono: successfully reloaded assembly
- Completed reload, in  1.449 seconds
Platform modules already initialized, skipping
Refreshing native plugins compatible for Editor in 0.48 ms, found 2 plugins.
Preloading 0 native plugins for Editor in 0.00 ms.
Unloading 1606 Unused Serialized files (Serialized files now loaded: 0)
System memory in use before: 89.6 MB.
System memory in use after: 89.7 MB.

Unloading 18 unused Assets to reduce memory usage. Loaded Objects now: 2166.
Total: 2.602400 ms (FindLiveObjects: 0.227400 ms CreateObjectMapping: 0.041800 ms MarkObjects: 2.228400 ms  DeleteObjects: 0.103100 ms)

========================================================================
Received Prepare
Registering precompiled user dll's ...
Registered in 0.011940 seconds.
Begin MonoManager ReloadAssembly
Native extension for WindowsStandalone target not found
Refreshing native plugins compatible for Editor in 0.64 ms, found 2 plugins.
Preloading 0 native plugins for Editor in 0.00 ms.
Mono: successfully reloaded assembly
- Completed reload, in  2.046 seconds
Platform modules already initialized, skipping
Refreshing native plugins compatible for Editor in 0.64 ms, found 2 plugins.
Preloading 0 native plugins for Editor in 0.00 ms.
Unloading 1606 Unused Serialized files (Serialized files now loaded: 0)
System memory in use before: 89.6 MB.
System memory in use after: 89.7 MB.

Unloading 18 unused Assets to reduce memory usage. Loaded Objects now: 2169.
Total: 3.215100 ms (FindLiveObjects: 0.215400 ms CreateObjectMapping: 0.044300 ms MarkObjects: 2.843100 ms  DeleteObjects: 0.110300 ms)

========================================================================
Received Prepare
Registering precompiled user dll's ...
Registered in 0.005771 seconds.
Begin MonoManager ReloadAssembly
Native extension for WindowsStandalone target not found
Refreshing native plugins compatible for Editor in 0.63 ms, found 2 plugins.
Preloading 0 native plugins for Editor in 0.00 ms.
Mono: successfully reloaded assembly
- Completed reload, in  1.318 seconds
Platform modules already initialized, skipping
Refreshing native plugins compatible for Editor in 0.49 ms, found 2 plugins.
Preloading 0 native plugins for Editor in 0.00 ms.
Unloading 1606 Unused Serialized files (Serialized files now loaded: 0)
System memory in use before: 89.7 MB.
System memory in use after: 89.7 MB.

Unloading 18 unused Assets to reduce memory usage. Loaded Objects now: 2172.
Total: 2.549600 ms (FindLiveObjects: 0.260400 ms CreateObjectMapping: 0.042700 ms MarkObjects: 2.148100 ms  DeleteObjects: 0.096800 ms)

========================================================================
Received Prepare
Registering precompiled user dll's ...
Registered in 0.005716 seconds.
Begin MonoManager ReloadAssembly
Native extension for WindowsStandalone target not found
Refreshing native plugins compatible for Editor in 0.60 ms, found 2 plugins.
Preloading 0 native plugins for Editor in 0.00 ms.
Mono: successfully reloaded assembly
- Completed reload, in  1.283 seconds
Platform modules already initialized, skipping
Refreshing native plugins compatible for Editor in 0.48 ms, found 2 plugins.
Preloading 0 native plugins for Editor in 0.00 ms.
Unloading 1606 Unused Serialized files (Serialized files now loaded: 0)
System memory in use before: 89.7 MB.
System memory in use after: 89.7 MB.

Unloading 18 unused Assets to reduce memory usage. Loaded Objects now: 2175.
Total: 2.741600 ms (FindLiveObjects: 0.270000 ms CreateObjectMapping: 0.055100 ms MarkObjects: 2.311800 ms  DeleteObjects: 0.103000 ms)

AssetImportWorkerClient::OnTransportError - code=2 error=End of file
