Using pre-set license
Built from '2020.3/staging' branch; Version is '2020.3.9f1 (108be757e447) revision 1084391'; Using compiler version '192528614'; Build Type 'Release'
OS: 'Windows 10 Pro; OS build 19042.985; Version 2009; 64bit' Language: 'en' Physical Memory: 16332 MB
BatchMode: 1, IsHumanControllingUs: 0, StartBugReporterOnCrash: 0, Is64bit: 1, IsPro: 0

 COMMAND LINE ARGUMENTS:
C:\Program Files\Unity\Hub\Editor\2020.3.9f1\Editor\Unity.exe
-adb2
-batchMode
-noUpm
-name
AssetImportWorker0
-projectPath
C:/Users/theli/Documents/GitHub/Horror-Multiplayer
-logFile
Logs/AssetImportWorker0.log
-srvPort
58145
Successfully changed project path to: C:/Users/theli/Documents/GitHub/Horror-Multiplayer
C:/Users/theli/Documents/GitHub/Horror-Multiplayer
Using Asset Import Pipeline V2.
Refreshing native plugins compatible for Editor in 47.50 ms, found 4 plugins.
Preloading 0 native plugins for Editor in 0.00 ms.
Initialize engine version: 2020.3.9f1 (108be757e447)
[Subsystems] Discovering subsystems at path C:/Program Files/Unity/Hub/Editor/2020.3.9f1/Editor/Data/Resources/UnitySubsystems
[Subsystems] Discovering subsystems at path C:/Users/theli/Documents/GitHub/Horror-Multiplayer/Assets
GfxDevice: creating device client; threaded=0
Direct3D:
    Version:  Direct3D 11.0 [level 11.1]
    Renderer: Radeon RX 570 Series (ID=0x67df)
    Vendor:   
    VRAM:     8171 MB
    Driver:   27.20.21002.112
Initialize mono
Mono path[0] = 'C:/Program Files/Unity/Hub/Editor/2020.3.9f1/Editor/Data/Managed'
Mono path[1] = 'C:/Program Files/Unity/Hub/Editor/2020.3.9f1/Editor/Data/MonoBleedingEdge/lib/mono/unityjit'
Mono config path = 'C:/Program Files/Unity/Hub/Editor/2020.3.9f1/Editor/Data/MonoBleedingEdge/etc'
Using monoOptions --debugger-agent=transport=dt_socket,embedding=1,server=y,suspend=n,address=127.0.0.1:56444
Begin MonoManager ReloadAssembly
Registering precompiled unity dll's ...
Register platform support module: C:/Program Files/Unity/Hub/Editor/2020.3.9f1/Editor/Data/PlaybackEngines/WindowsStandaloneSupport/UnityEditor.WindowsStandalone.Extensions.dll
Registered in 0.003425 seconds.
Native extension for WindowsStandalone target not found
Refreshing native plugins compatible for Editor in 42.29 ms, found 4 plugins.
Preloading 0 native plugins for Editor in 0.00 ms.
Mono: successfully reloaded assembly
- Completed reload, in  1.624 seconds
Platform modules already initialized, skipping
Registering precompiled user dll's ...
Registered in 0.011387 seconds.
Begin MonoManager ReloadAssembly
Native extension for WindowsStandalone target not found
Refreshing native plugins compatible for Editor in 0.49 ms, found 4 plugins.
Preloading 0 native plugins for Editor in 0.00 ms.
Mono: successfully reloaded assembly
- Completed reload, in  1.525 seconds
Platform modules already initialized, skipping
========================================================================
Worker process is ready to serve import requests
Launched and connected shader compiler UnityShaderCompiler.exe after 0.05 seconds
Refreshing native plugins compatible for Editor in 0.51 ms, found 4 plugins.
Preloading 0 native plugins for Editor in 0.00 ms.
Unloading 1565 Unused Serialized files (Serialized files now loaded: 0)
System memory in use before: 72.1 MB.
System memory in use after: 72.2 MB.

Unloading 31 unused Assets to reduce memory usage. Loaded Objects now: 1987.
Total: 2.299000 ms (FindLiveObjects: 0.184700 ms CreateObjectMapping: 0.038500 ms MarkObjects: 1.968200 ms  DeleteObjects: 0.106200 ms)

========================================================================
Received Import Request.
  path: Assets/Scripts/Menu/MenuButton.cs
  artifactKey: Guid(1cd953c6a9ecdd443a95ae8d6dbc6ef4) Importer(815301076,1909f56bfc062723c751e8b465ee728b)
Start importing Assets/Scripts/Menu/MenuButton.cs using Guid(1cd953c6a9ecdd443a95ae8d6dbc6ef4) Importer(815301076,1909f56bfc062723c751e8b465ee728b)  -> (artifact id: '6f41eb52b40205286625aba1badd6cc0') in 0.132188 seconds
  Import took 0.135617 seconds .

========================================================================
Received Import Request.
  Time since last request: 0.000208 seconds.
  path: Assets/Scripts/Menu/MenuSettings.cs
  artifactKey: Guid(4687b2fcf888bb940bbf366fa91455f1) Importer(815301076,1909f56bfc062723c751e8b465ee728b)
Start importing Assets/Scripts/Menu/MenuSettings.cs using Guid(4687b2fcf888bb940bbf366fa91455f1) Importer(815301076,1909f56bfc062723c751e8b465ee728b)  -> (artifact id: 'f5280a7df934937da89b1c5433184418') in 0.017157 seconds
  Import took 0.020758 seconds .

========================================================================
Received Import Request.
  Time since last request: 0.051818 seconds.
  path: Assets/Scripts/Menu/MenuButtonController.cs
  artifactKey: Guid(42d48165d266486478916f97d99ca240) Importer(815301076,1909f56bfc062723c751e8b465ee728b)
Start importing Assets/Scripts/Menu/MenuButtonController.cs using Guid(42d48165d266486478916f97d99ca240) Importer(815301076,1909f56bfc062723c751e8b465ee728b)  -> (artifact id: '16e742020259f78edf8168c6815ad8ba') in 0.007521 seconds
  Import took 0.010082 seconds .

========================================================================
Received Import Request.
  Time since last request: 0.018268 seconds.
  path: Assets/Scripts/Menu/MenuButtonController.cs
  artifactKey: Guid(42d48165d266486478916f97d99ca240) Importer(815301076,1909f56bfc062723c751e8b465ee728b)
Start importing Assets/Scripts/Menu/MenuButtonController.cs using Guid(42d48165d266486478916f97d99ca240) Importer(815301076,1909f56bfc062723c751e8b465ee728b)  -> (artifact id: '16e742020259f78edf8168c6815ad8ba') in 0.004376 seconds
  Import took 0.007965 seconds .

========================================================================
Received Import Request.
  Time since last request: 2.802837 seconds.
  path: Assets/Scripts/Menu/InteractableMenuButtons.cs
  artifactKey: Guid(0bf4ba0ef22ec824fbee4af2e263d12a) Importer(815301076,1909f56bfc062723c751e8b465ee728b)
Start importing Assets/Scripts/Menu/InteractableMenuButtons.cs using Guid(0bf4ba0ef22ec824fbee4af2e263d12a) Importer(815301076,1909f56bfc062723c751e8b465ee728b)  -> (artifact id: '40156c0a6575301bdc216b720b26dd92') in 0.010154 seconds
  Import took 0.013111 seconds .

========================================================================
Received Import Request.
  Time since last request: 0.002756 seconds.
  path: Assets/Scripts/Menu/InteractableMenuButtons.cs
  artifactKey: Guid(0bf4ba0ef22ec824fbee4af2e263d12a) Importer(815301076,1909f56bfc062723c751e8b465ee728b)
Start importing Assets/Scripts/Menu/InteractableMenuButtons.cs using Guid(0bf4ba0ef22ec824fbee4af2e263d12a) Importer(815301076,1909f56bfc062723c751e8b465ee728b)  -> (artifact id: '40156c0a6575301bdc216b720b26dd92') in 0.002780 seconds
  Import took 0.006063 seconds .

========================================================================
Received Prepare
Registering precompiled user dll's ...
Registered in 0.010190 seconds.
Begin MonoManager ReloadAssembly
Native extension for WindowsStandalone target not found
Refreshing native plugins compatible for Editor in 0.52 ms, found 4 plugins.
Preloading 0 native plugins for Editor in 0.00 ms.
Mono: successfully reloaded assembly
- Completed reload, in  1.472 seconds
Platform modules already initialized, skipping
Refreshing native plugins compatible for Editor in 0.48 ms, found 4 plugins.
Preloading 0 native plugins for Editor in 0.00 ms.
Unloading 1547 Unused Serialized files (Serialized files now loaded: 0)
System memory in use before: 70.8 MB.
System memory in use after: 70.9 MB.

Unloading 26 unused Assets to reduce memory usage. Loaded Objects now: 1990.
Total: 2.471600 ms (FindLiveObjects: 0.203700 ms CreateObjectMapping: 0.040900 ms MarkObjects: 2.146100 ms  DeleteObjects: 0.079200 ms)

========================================================================
Received Prepare
Registering precompiled user dll's ...
Registered in 0.021712 seconds.
Begin MonoManager ReloadAssembly
Native extension for WindowsStandalone target not found
Refreshing native plugins compatible for Editor in 0.60 ms, found 4 plugins.
Preloading 0 native plugins for Editor in 0.00 ms.
Mono: successfully reloaded assembly
- Completed reload, in  1.502 seconds
Platform modules already initialized, skipping
Refreshing native plugins compatible for Editor in 0.76 ms, found 4 plugins.
Preloading 0 native plugins for Editor in 0.00 ms.
Unloading 1547 Unused Serialized files (Serialized files now loaded: 0)
System memory in use before: 70.8 MB.
System memory in use after: 70.9 MB.

Unloading 26 unused Assets to reduce memory usage. Loaded Objects now: 1993.
Total: 4.774000 ms (FindLiveObjects: 0.506100 ms CreateObjectMapping: 0.138200 ms MarkObjects: 3.843100 ms  DeleteObjects: 0.284300 ms)

========================================================================
Received Prepare
Registering precompiled user dll's ...
Registered in 0.010222 seconds.
Begin MonoManager ReloadAssembly
Native extension for WindowsStandalone target not found
Refreshing native plugins compatible for Editor in 0.61 ms, found 4 plugins.
Preloading 0 native plugins for Editor in 0.00 ms.
Mono: successfully reloaded assembly
- Completed reload, in  1.893 seconds
Platform modules already initialized, skipping
Refreshing native plugins compatible for Editor in 0.49 ms, found 4 plugins.
Preloading 0 native plugins for Editor in 0.00 ms.
Unloading 1547 Unused Serialized files (Serialized files now loaded: 0)
System memory in use before: 70.8 MB.
System memory in use after: 70.9 MB.

Unloading 26 unused Assets to reduce memory usage. Loaded Objects now: 1996.
Total: 2.468100 ms (FindLiveObjects: 0.204900 ms CreateObjectMapping: 0.046100 ms MarkObjects: 2.140000 ms  DeleteObjects: 0.075400 ms)

========================================================================
Received Prepare
Registering precompiled user dll's ...
Registered in 0.039749 seconds.
Begin MonoManager ReloadAssembly
Native extension for WindowsStandalone target not found
Refreshing native plugins compatible for Editor in 0.50 ms, found 4 plugins.
Preloading 0 native plugins for Editor in 0.00 ms.
Mono: successfully reloaded assembly
- Completed reload, in  1.411 seconds
Platform modules already initialized, skipping
Refreshing native plugins compatible for Editor in 0.66 ms, found 4 plugins.
Preloading 0 native plugins for Editor in 0.00 ms.
Unloading 1547 Unused Serialized files (Serialized files now loaded: 0)
System memory in use before: 70.8 MB.
System memory in use after: 70.9 MB.

Unloading 26 unused Assets to reduce memory usage. Loaded Objects now: 1999.
Total: 2.656600 ms (FindLiveObjects: 0.192600 ms CreateObjectMapping: 0.045200 ms MarkObjects: 2.338700 ms  DeleteObjects: 0.078500 ms)

========================================================================
Received Prepare
Registering precompiled user dll's ...
Registered in 0.011536 seconds.
Begin MonoManager ReloadAssembly
Native extension for WindowsStandalone target not found
Refreshing native plugins compatible for Editor in 0.61 ms, found 4 plugins.
Preloading 0 native plugins for Editor in 0.00 ms.
Mono: successfully reloaded assembly
- Completed reload, in  1.779 seconds
Platform modules already initialized, skipping
Refreshing native plugins compatible for Editor in 0.49 ms, found 4 plugins.
Preloading 0 native plugins for Editor in 0.00 ms.
Unloading 1547 Unused Serialized files (Serialized files now loaded: 0)
System memory in use before: 70.8 MB.
System memory in use after: 70.9 MB.

Unloading 26 unused Assets to reduce memory usage. Loaded Objects now: 2002.
Total: 4.048300 ms (FindLiveObjects: 0.193800 ms CreateObjectMapping: 0.164400 ms MarkObjects: 3.594000 ms  DeleteObjects: 0.093700 ms)

========================================================================
Received Prepare
Registering precompiled user dll's ...
Registered in 0.010628 seconds.
Begin MonoManager ReloadAssembly
Native extension for WindowsStandalone target not found
Refreshing native plugins compatible for Editor in 0.76 ms, found 4 plugins.
Preloading 0 native plugins for Editor in 0.00 ms.
Mono: successfully reloaded assembly
- Completed reload, in  1.606 seconds
Platform modules already initialized, skipping
Refreshing native plugins compatible for Editor in 0.83 ms, found 4 plugins.
Preloading 0 native plugins for Editor in 0.00 ms.
Unloading 1547 Unused Serialized files (Serialized files now loaded: 0)
System memory in use before: 70.8 MB.
System memory in use after: 70.9 MB.

Unloading 26 unused Assets to reduce memory usage. Loaded Objects now: 2005.
Total: 2.691800 ms (FindLiveObjects: 0.197800 ms CreateObjectMapping: 0.097000 ms MarkObjects: 2.309800 ms  DeleteObjects: 0.085600 ms)

AssetImportWorkerClient::OnTransportError - code=2 error=End of file
